<?xml version="1.0" encoding="UTF-8"?>
<testsuite name="game.MasterMindTest" tests="15" skipped="0" failures="0" errors="0" timestamp="2022-10-07T02:35:22" hostname="J-LAP" time="0.069">
  <properties/>
  <testcase name="guessWithFirstFourMatched()" classname="game.MasterMindTest" time="0.023"/>
  <testcase name="guessWithAllColorsMatchedOut()" classname="game.MasterMindTest" time="0.002"/>
  <testcase name="guessAfter20IncorrectGuesses()" classname="game.MasterMindTest" time="0.006"/>
  <testcase name="guessAfterASuccessfulGuess()" classname="game.MasterMindTest" time="0.002"/>
  <testcase name="guessAfter19IncorrectGuesses()" classname="game.MasterMindTest" time="0.002"/>
  <testcase name="guessWithAllColorsMatched()" classname="game.MasterMindTest" time="0.001"/>
  <testcase name="guessWithLastFourMatched()" classname="game.MasterMindTest" time="0.001"/>
  <testcase name="guessWithNonColorMatching()" classname="game.MasterMindTest" time="0.001"/>
  <testcase name="guessAfter21IncorrectGuesses()" classname="game.MasterMindTest" time="0.002"/>
  <testcase name="guessWith2ndMatchedInAndLast3MatchedOut()" classname="game.MasterMindTest" time="0.002"/>
  <testcase name="guessWithRepeated2To6Matched1stAnd1Matched2nd()" classname="game.MasterMindTest" time="0.001"/>
  <testcase name="guessWith6RepeatedColors()" classname="game.MasterMindTest" time="0.001"/>
  <testcase name="guessWithRepeated2To6Matched1stAnd1MatchedNone()" classname="game.MasterMindTest" time="0.001"/>
  <testcase name="guessWithFirst3MatchedInAndLast2MatchedOut()" classname="game.MasterMindTest" time="0.001"/>
  <testcase name="Canary()" classname="game.MasterMindTest" time="0.003"/>
  <system-out><![CDATA[Exception caught: java.lang.RuntimeException: Game is already over
Exception caught: java.lang.RuntimeException: Game is already over
Exception caught: java.lang.RuntimeException: Game is already over
]]></system-out>
  <system-err><![CDATA[]]></system-err>
</testsuite>
